2005/08/28 04:10:38| storeDirWriteCleanLogs: Starting...
2005/08/28 04:10:38|   Finished.  Wrote 0 entries.
2005/08/28 04:10:38|   Took 0.0 seconds (   0.0 entries/sec).
2005/08/28 04:10:38| logfileRotate: /var/log/squid/store.log
2005/08/28 04:10:38| logfileRotate: /var/log/squid/access.log
2005/08/28 04:10:38| logfileRotate: /var/log/squid/useragent_log.log
2005/08/28 04:10:38| logfileRotate: /var/log/squid/referer_log.log
2005/08/28 04:14:56| Failure Ratio at 5.63
2005/08/28 04:14:56| Going into hit-only-mode for 5 minutes...
2005/08/28 04:19:56| Failure Ratio at 6.11
2005/08/28 04:19:56| Going into hit-only-mode for 5 minutes...
2005/08/28 04:24:57| Failure Ratio at 5.55
2005/08/28 04:24:57| Going into hit-only-mode for 5 minutes...
2005/08/28 04:29:57| Failure Ratio at 4.92
2005/08/28 04:29:57| Going into hit-only-mode for 5 minutes...
2005/08/28 04:35:00| Failure Ratio at 5.83
2005/08/28 04:35:00| Going into hit-only-mode for 5 minutes...
2005/08/28 04:40:00| Failure Ratio at 6.04
2005/08/28 04:40:00| Going into hit-only-mode for 5 minutes...
2005/08/28 04:45:01| Failure Ratio at 6.32
2005/08/28 04:45:01| Going into hit-only-mode for 5 minutes...
2005/08/28 04:50:04| Failure Ratio at 8.20
2005/08/28 04:50:04| Going into hit-only-mode for 5 minutes...
2005/08/28 04:55:05| Failure Ratio at 7.48
2005/08/28 04:55:05| Going into hit-only-mode for 5 minutes...
2005/08/28 05:00:13| Failure Ratio at 7.76
2005/08/28 05:00:13| Going into hit-only-mode for 5 minutes...
2005/08/28 05:05:36| Failure Ratio at 2.34
2005/08/28 05:05:36| Going into hit-only-mode for 5 minutes...
2005/08/28 05:16:23| Failure Ratio at 1.01
2005/08/28 05:16:23| Going into hit-only-mode for 5 minutes...
2005/08/28 05:22:10| Failure Ratio at 1.01
2005/08/28 05:22:10| Going into hit-only-mode for 5 minutes...
2005/08/28 05:28:35| Failure Ratio at 1.01
2005/08/28 05:28:35| Going into hit-only-mode for 5 minutes...
2005/08/28 05:33:45| Failure Ratio at 1.01
2005/08/28 05:33:45| Going into hit-only-mode for 5 minutes...
2005/08/28 05:44:33| Failure Ratio at 1.01
2005/08/28 05:44:33| Going into hit-only-mode for 5 minutes...
2005/08/28 05:49:33| fqdncacheParse: No PTR record
2005/08/28 05:49:53| Failure Ratio at 1.01
2005/08/28 05:49:53| Going into hit-only-mode for 5 minutes...
2005/08/28 05:54:58| Failure Ratio at 1.11
2005/08/28 05:54:58| Going into hit-only-mode for 5 minutes...
2005/08/28 06:00:56| Failure Ratio at 1.01
2005/08/28 06:00:56| Going into hit-only-mode for 5 minutes...
2005/08/28 06:10:50| Failure Ratio at 1.01
2005/08/28 06:10:50| Going into hit-only-mode for 5 minutes...
2005/08/28 06:16:51| Failure Ratio at 1.01
2005/08/28 06:16:51| Going into hit-only-mode for 5 minutes...
2005/08/28 06:21:57| Failure Ratio at 1.01
2005/08/28 06:21:57| Going into hit-only-mode for 5 minutes...
2005/08/28 06:30:58| Failure Ratio at 1.01
2005/08/28 06:30:58| Going into hit-only-mode for 5 minutes...
2005/08/28 06:38:19| Failure Ratio at 1.01
2005/08/28 06:38:19| Going into hit-only-mode for 5 minutes...
2005/08/28 06:44:07| Failure Ratio at 1.07
2005/08/28 06:44:07| Going into hit-only-mode for 5 minutes...
2005/08/28 06:52:20| Failure Ratio at 1.01
2005/08/28 06:52:20| Going into hit-only-mode for 5 minutes...
2005/08/28 06:57:32| Failure Ratio at 1.15
2005/08/28 06:57:32| Going into hit-only-mode for 5 minutes...
2005/08/28 07:03:10| Failure Ratio at 1.01
2005/08/28 07:03:10| Going into hit-only-mode for 5 minutes...
2005/08/28 07:09:30| Failure Ratio at 1.63
2005/08/28 07:09:30| Going into hit-only-mode for 5 minutes...
2005/08/28 07:14:55| Failure Ratio at 1.01
2005/08/28 07:14:55| Going into hit-only-mode for 5 minutes...
2005/08/28 07:20:35| Failure Ratio at 1.84
2005/08/28 07:20:35| Going into hit-only-mode for 5 minutes...
2005/08/28 07:28:05| Failure Ratio at 1.01
2005/08/28 07:28:05| Going into hit-only-mode for 5 minutes...
2005/08/28 07:37:05| Failure Ratio at 1.01
2005/08/28 07:37:05| Going into hit-only-mode for 5 minutes...
2005/08/28 07:43:40| Failure Ratio at 1.03
2005/08/28 07:43:40| Going into hit-only-mode for 5 minutes...
2005/08/28 07:49:25| Failure Ratio at 1.01
2005/08/28 07:49:25| Going into hit-only-mode for 5 minutes...
2005/08/28 07:54:42| Failure Ratio at 1.01
2005/08/28 07:54:42| Going into hit-only-mode for 5 minutes...
2005/08/28 08:04:11| Failure Ratio at 1.01
2005/08/28 08:04:11| Going into hit-only-mode for 5 minutes...
2005/08/28 08:10:08| Failure Ratio at 1.07
2005/08/28 08:10:08| Going into hit-only-mode for 5 minutes...
2005/08/28 08:15:17| Failure Ratio at 1.01
2005/08/28 08:15:17| Going into hit-only-mode for 5 minutes...
2005/08/28 08:22:25| Failure Ratio at 1.01
2005/08/28 08:22:25| Going into hit-only-mode for 5 minutes...
2005/08/28 08:29:22| Failure Ratio at 1.01
2005/08/28 08:29:22| Going into hit-only-mode for 5 minutes...
2005/08/28 08:36:18| Failure Ratio at 1.03
2005/08/28 08:36:18| Going into hit-only-mode for 5 minutes...
2005/08/28 08:42:13| Failure Ratio at 1.01
2005/08/28 08:42:13| Going into hit-only-mode for 5 minutes...
2005/08/28 08:47:28| Failure Ratio at 1.11
2005/08/28 08:47:28| Going into hit-only-mode for 5 minutes...
2005/08/28 08:58:45| Failure Ratio at 1.01
2005/08/28 08:58:45| Going into hit-only-mode for 5 minutes...
2005/08/28 09:07:54| Failure Ratio at 1.01
2005/08/28 09:07:54| Going into hit-only-mode for 5 minutes...
2005/08/28 09:20:48| Failure Ratio at 1.01
2005/08/28 09:20:48| Going into hit-only-mode for 5 minutes...
2005/08/28 09:26:07| Failure Ratio at 1.01
2005/08/28 09:26:07| Going into hit-only-mode for 5 minutes...
2005/08/28 09:31:35| Failure Ratio at 1.03
2005/08/28 09:31:35| Going into hit-only-mode for 5 minutes...
2005/08/28 09:40:37| Failure Ratio at 1.01
2005/08/28 09:40:37| Going into hit-only-mode for 5 minutes...
2005/08/28 09:45:54| Failure Ratio at 1.09
2005/08/28 09:45:54| Going into hit-only-mode for 5 minutes...
2005/08/28 09:54:33| Failure Ratio at 1.01
2005/08/28 09:54:33| Going into hit-only-mode for 5 minutes...
2005/08/28 10:01:17| Failure Ratio at 1.01
2005/08/28 10:01:17| Going into hit-only-mode for 5 minutes...
2005/08/28 10:08:10| Failure Ratio at 1.01
2005/08/28 10:08:10| Going into hit-only-mode for 5 minutes...
2005/08/28 10:13:14| Failure Ratio at 1.03
2005/08/28 10:13:14| Going into hit-only-mode for 5 minutes...
2005/08/28 10:18:42| Failure Ratio at 1.09
2005/08/28 10:18:42| Going into hit-only-mode for 5 minutes...
2005/08/28 10:25:02| Failure Ratio at 1.15
2005/08/28 10:25:02| Going into hit-only-mode for 5 minutes...
2005/08/28 10:33:29| Failure Ratio at 1.01
2005/08/28 10:33:29| Going into hit-only-mode for 5 minutes...
2005/08/28 10:38:43| Failure Ratio at 1.11
2005/08/28 10:38:43| Going into hit-only-mode for 5 minutes...
2005/08/28 10:46:59| Failure Ratio at 1.01
2005/08/28 10:46:59| Going into hit-only-mode for 5 minutes...
2005/08/28 10:53:31| Failure Ratio at 1.01
2005/08/28 10:53:31| Going into hit-only-mode for 5 minutes...
2005/08/28 11:00:05| Failure Ratio at 1.01
2005/08/28 11:00:05| Going into hit-only-mode for 5 minutes...
2005/08/28 11:05:07| Failure Ratio at 1.03
2005/08/28 11:05:07| Going into hit-only-mode for 5 minutes...
2005/08/28 11:10:12| Failure Ratio at 1.05
2005/08/28 11:10:12| Going into hit-only-mode for 5 minutes...
2005/08/28 11:15:46| Failure Ratio at 1.09
2005/08/28 11:15:46| Going into hit-only-mode for 5 minutes...
2005/08/28 11:21:13| Failure Ratio at 1.01
2005/08/28 11:21:13| Going into hit-only-mode for 5 minutes...
2005/08/28 11:26:22| Failure Ratio at 1.05
2005/08/28 11:26:22| Going into hit-only-mode for 5 minutes...
2005/08/28 11:31:52| Failure Ratio at 1.01
2005/08/28 11:31:52| Going into hit-only-mode for 5 minutes...
2005/08/28 11:37:05| Failure Ratio at 1.01
2005/08/28 11:37:05| Going into hit-only-mode for 5 minutes...
2005/08/28 11:42:23| Failure Ratio at 1.09
2005/08/28 11:42:23| Going into hit-only-mode for 5 minutes...
2005/08/28 11:48:08| Failure Ratio at 1.09
2005/08/28 11:48:08| Going into hit-only-mode for 5 minutes...
2005/08/28 11:53:11| Failure Ratio at 1.13
2005/08/28 11:53:11| Going into hit-only-mode for 5 minutes...
2005/08/28 12:03:43| Failure Ratio at 1.01
2005/08/28 12:03:43| Going into hit-only-mode for 5 minutes...
2005/08/28 12:10:04| Failure Ratio at 1.01
2005/08/28 12:10:04| Going into hit-only-mode for 5 minutes...
2005/08/28 12:15:57| Failure Ratio at 1.01
2005/08/28 12:15:57| Going into hit-only-mode for 5 minutes...
2005/08/28 12:22:21| Failure Ratio at 1.05
2005/08/28 12:22:21| Going into hit-only-mode for 5 minutes...
2005/08/28 12:30:00| Failure Ratio at 1.01
2005/08/28 12:30:00| Going into hit-only-mode for 5 minutes...
2005/08/28 12:38:23| Failure Ratio at 1.01
2005/08/28 12:38:23| Going into hit-only-mode for 5 minutes...
2005/08/28 12:46:45| Failure Ratio at 1.01
2005/08/28 12:46:45| Going into hit-only-mode for 5 minutes...
2005/08/28 12:52:58| Failure Ratio at 1.01
2005/08/28 12:52:58| Going into hit-only-mode for 5 minutes...
2005/08/28 13:04:04| Failure Ratio at 1.01
2005/08/28 13:04:04| Going into hit-only-mode for 5 minutes...
2005/08/28 13:16:57| Failure Ratio at 1.01
2005/08/28 13:16:57| Going into hit-only-mode for 5 minutes...
2005/08/28 13:23:47| Failure Ratio at 1.01
2005/08/28 13:23:47| Going into hit-only-mode for 5 minutes...
2005/08/28 13:30:38| Failure Ratio at 1.01
2005/08/28 13:30:38| Going into hit-only-mode for 5 minutes...
2005/08/28 13:41:07| Failure Ratio at 1.01
2005/08/28 13:41:07| Going into hit-only-mode for 5 minutes...
2005/08/28 13:48:26| Failure Ratio at 1.01
2005/08/28 13:48:26| Going into hit-only-mode for 5 minutes...
2005/08/28 13:55:59| Failure Ratio at 1.01
2005/08/28 13:55:59| Going into hit-only-mode for 5 minutes...
2005/08/28 14:04:50| Failure Ratio at 1.01
2005/08/28 14:04:50| Going into hit-only-mode for 5 minutes...
2005/08/28 14:12:14| Failure Ratio at 1.01
2005/08/28 14:12:14| Going into hit-only-mode for 5 minutes...
2005/08/28 14:21:34| Failure Ratio at 1.01
2005/08/28 14:21:34| Going into hit-only-mode for 5 minutes...
2005/08/28 14:32:24| Failure Ratio at 1.01
2005/08/28 14:32:24| Going into hit-only-mode for 5 minutes...
2005/08/28 14:40:57| Failure Ratio at 1.01
2005/08/28 14:40:57| Going into hit-only-mode for 5 minutes...
2005/08/28 14:51:12| Failure Ratio at 1.01
2005/08/28 14:51:12| Going into hit-only-mode for 5 minutes...
2005/08/28 14:58:41| Failure Ratio at 1.01
2005/08/28 14:58:41| Going into hit-only-mode for 5 minutes...
2005/08/28 15:05:52| Failure Ratio at 1.01
2005/08/28 15:05:52| Going into hit-only-mode for 5 minutes...
2005/08/28 15:11:12| Failure Ratio at 1.01
2005/08/28 15:11:12| Going into hit-only-mode for 5 minutes...
2005/08/28 15:16:33| Failure Ratio at 1.01
2005/08/28 15:16:33| Going into hit-only-mode for 5 minutes...
2005/08/28 15:22:22| Failure Ratio at 1.01
2005/08/28 15:22:22| Going into hit-only-mode for 5 minutes...
2005/08/28 15:28:16| Failure Ratio at 1.01
2005/08/28 15:28:16| Going into hit-only-mode for 5 minutes...
2005/08/28 15:34:11| Failure Ratio at 1.05
2005/08/28 15:34:11| Going into hit-only-mode for 5 minutes...
2005/08/28 15:44:37| Failure Ratio at 1.01
2005/08/28 15:44:37| Going into hit-only-mode for 5 minutes...
2005/08/28 15:52:59| Failure Ratio at 1.01
2005/08/28 15:52:59| Going into hit-only-mode for 5 minutes...
2005/08/28 16:00:56| Failure Ratio at 1.01
2005/08/28 16:00:56| Going into hit-only-mode for 5 minutes...
2005/08/28 16:11:02| Failure Ratio at 1.01
2005/08/28 16:11:02| Going into hit-only-mode for 5 minutes...
2005/08/28 16:18:58| Failure Ratio at 1.01
2005/08/28 16:18:58| Going into hit-only-mode for 5 minutes...
2005/08/28 16:26:52| Failure Ratio at 1.01
2005/08/28 16:26:52| Going into hit-only-mode for 5 minutes...
2005/08/28 16:37:14| Failure Ratio at 1.01
2005/08/28 16:37:14| Going into hit-only-mode for 5 minutes...
2005/08/28 16:47:40| Failure Ratio at 1.01
2005/08/28 16:47:40| Going into hit-only-mode for 5 minutes...
2005/08/28 16:55:53| Failure Ratio at 1.01
2005/08/28 16:55:53| Going into hit-only-mode for 5 minutes...
2005/08/28 17:05:02| Failure Ratio at 1.01
2005/08/28 17:05:02| Going into hit-only-mode for 5 minutes...
2005/08/28 17:19:02| Failure Ratio at 1.01
2005/08/28 17:19:02| Going into hit-only-mode for 5 minutes...
2005/08/28 23:13:34| Failure Ratio at 1.51
2005/08/28 23:13:34| Going into hit-only-mode for 5 minutes...
2005/08/29 03:37:38| Failure Ratio at 1.01
2005/08/29 03:37:38| Going into hit-only-mode for 5 minutes...
2005/08/29 04:07:30| Failure Ratio at 1.13
2005/08/29 04:07:30| Going into hit-only-mode for 5 minutes...
2005/08/29 06:44:21| Failure Ratio at 1.01
2005/08/29 06:44:21| Going into hit-only-mode for 5 minutes...
2005/08/29 06:52:41| Failure Ratio at 1.15
2005/08/29 06:52:41| Going into hit-only-mode for 5 minutes...
2005/08/29 06:57:42| Failure Ratio at 20.23
2005/08/29 06:57:42| Going into hit-only-mode for 5 minutes...
2005/08/29 07:02:42| Failure Ratio at 21.54
2005/08/29 07:02:42| Going into hit-only-mode for 5 minutes...
2005/08/29 07:07:43| Failure Ratio at 28.19
2005/08/29 07:07:43| Going into hit-only-mode for 5 minutes...
2005/08/29 07:12:44| Failure Ratio at 31.57
2005/08/29 07:12:44| Going into hit-only-mode for 5 minutes...
2005/08/29 07:17:46| Failure Ratio at 39.54
2005/08/29 07:17:46| Going into hit-only-mode for 5 minutes...
2005/08/29 07:22:46| Failure Ratio at 63.07
2005/08/29 07:22:46| Going into hit-only-mode for 5 minutes...
2005/08/29 07:27:59| Failure Ratio at 54.74
2005/08/29 07:27:59| Going into hit-only-mode for 5 minutes...
2005/08/29 07:33:04| Failure Ratio at 48.46
2005/08/29 07:33:04| Going into hit-only-mode for 5 minutes...
2005/08/29 07:38:09| Failure Ratio at 54.74
2005/08/29 07:38:09| Going into hit-only-mode for 5 minutes...
2005/08/29 07:43:11| Failure Ratio at 43.45
2005/08/29 07:43:11| Going into hit-only-mode for 5 minutes...
2005/08/29 07:48:15| Failure Ratio at 39.14
2005/08/29 07:48:15| Going into hit-only-mode for 5 minutes...
2005/08/29 07:53:20| Failure Ratio at 65.67
2005/08/29 07:53:20| Going into hit-only-mode for 5 minutes...
2005/08/29 07:58:25| Failure Ratio at 31.89
2005/08/29 07:58:25| Going into hit-only-mode for 5 minutes...
2005/08/29 08:03:29| Failure Ratio at 37.19
2005/08/29 08:03:29| Going into hit-only-mode for 5 minutes...
2005/08/29 08:08:34| Failure Ratio at 29.99
2005/08/29 08:08:34| Going into hit-only-mode for 5 minutes...
2005/08/29 08:13:41| Failure Ratio at 3.63
2005/08/29 08:13:41| Going into hit-only-mode for 5 minutes...
2005/08/29 08:19:33| Failure Ratio at 1.03
2005/08/29 08:19:33| Going into hit-only-mode for 5 minutes...
2005/08/29 08:27:52| Failure Ratio at 1.01
2005/08/29 08:27:52| Going into hit-only-mode for 5 minutes...
2005/08/29 08:33:45| Failure Ratio at 1.03
2005/08/29 08:33:45| Going into hit-only-mode for 5 minutes...
2005/08/29 08:40:04| Failure Ratio at 1.01
2005/08/29 08:40:04| Going into hit-only-mode for 5 minutes...
2005/08/29 08:46:51| Failure Ratio at 1.01
2005/08/29 08:46:51| Going into hit-only-mode for 5 minutes...
2005/08/29 08:53:09| Failure Ratio at 1.05
2005/08/29 08:53:09| Going into hit-only-mode for 5 minutes...
2005/08/29 08:59:05| Failure Ratio at 1.05
2005/08/29 08:59:05| Going into hit-only-mode for 5 minutes...
2005/08/29 09:04:05| Failure Ratio at 1.07
2005/08/29 09:04:05| Going into hit-only-mode for 5 minutes...
2005/08/29 09:09:22| Failure Ratio at 1.03
2005/08/29 09:09:22| Going into hit-only-mode for 5 minutes...
2005/08/29 09:15:35| Failure Ratio at 1.09
2005/08/29 09:15:35| Going into hit-only-mode for 5 minutes...
2005/08/29 09:23:23| Failure Ratio at 1.01
2005/08/29 09:23:23| Going into hit-only-mode for 5 minutes...
2005/08/29 09:31:28| Failure Ratio at 1.01
2005/08/29 09:31:28| Going into hit-only-mode for 5 minutes...
2005/08/29 09:36:47| Failure Ratio at 1.07
2005/08/29 09:36:47| Going into hit-only-mode for 5 minutes...
2005/08/29 09:43:59| Failure Ratio at 1.01
2005/08/29 09:43:59| Going into hit-only-mode for 5 minutes...
2005/08/29 09:49:51| Failure Ratio at 1.01
2005/08/29 09:49:51| Going into hit-only-mode for 5 minutes...
2005/08/29 09:55:16| Failure Ratio at 1.20
2005/08/29 09:55:16| Going into hit-only-mode for 5 minutes...
2005/08/29 10:00:34| Failure Ratio at 1.82
2005/08/29 10:00:34| Going into hit-only-mode for 5 minutes...
2005/08/29 10:07:29| Failure Ratio at 1.01
2005/08/29 10:07:29| Going into hit-only-mode for 5 minutes...
2005/08/29 10:14:12| Failure Ratio at 1.01
2005/08/29 10:14:12| Going into hit-only-mode for 5 minutes...
2005/08/29 10:17:39| fqdncacheParse: No PTR record
2005/08/29 10:19:12| Failure Ratio at 68.38
2005/08/29 10:19:12| Going into hit-only-mode for 5 minutes...
2005/08/29 10:20:23| fqdncacheParse: No PTR record
2005/08/29 10:24:12| Failure Ratio at 2837.50
2005/08/29 10:24:12| Going into hit-only-mode for 5 minutes...
2005/08/29 10:29:12| Failure Ratio at 1266.82
2005/08/29 10:29:12| Going into hit-only-mode for 5 minutes...
2005/08/29 10:34:12| Failure Ratio at 265.35
2005/08/29 10:34:12| Going into hit-only-mode for 5 minutes...
2005/08/29 10:39:12| Failure Ratio at 977.82
2005/08/29 10:39:12| Going into hit-only-mode for 5 minutes...
2005/08/29 10:44:41| Failure Ratio at 275.62
2005/08/29 10:44:41| Going into hit-only-mode for 5 minutes...
2005/08/29 10:50:10| Failure Ratio at 1.03
2005/08/29 10:50:10| Going into hit-only-mode for 5 minutes...
2005/08/29 10:55:14| Failure Ratio at 1.09
2005/08/29 10:55:14| Going into hit-only-mode for 5 minutes...
2005/08/29 11:02:20| Failure Ratio at 1.01
2005/08/29 11:02:20| Going into hit-only-mode for 5 minutes...
2005/08/29 11:07:23| Failure Ratio at 1.01
2005/08/29 11:07:23| Going into hit-only-mode for 5 minutes...
2005/08/29 11:13:19| Failure Ratio at 1.03
2005/08/29 11:13:19| Going into hit-only-mode for 5 minutes...
2005/08/29 11:19:30| Failure Ratio at 1.01
2005/08/29 11:19:30| Going into hit-only-mode for 5 minutes...
2005/08/29 11:25:38| Failure Ratio at 1.01
2005/08/29 11:25:38| Going into hit-only-mode for 5 minutes...
2005/08/29 11:31:47| Failure Ratio at 1.01
2005/08/29 11:31:47| Going into hit-only-mode for 5 minutes...
2005/08/29 11:36:47| Failure Ratio at 1.03
2005/08/29 11:36:47| Going into hit-only-mode for 5 minutes...
2005/08/29 11:41:50| Failure Ratio at 1.01
2005/08/29 11:41:50| Going into hit-only-mode for 5 minutes...
2005/08/29 11:47:00| Failure Ratio at 1.05
2005/08/29 11:47:00| Going into hit-only-mode for 5 minutes...
2005/08/29 11:55:45| Failure Ratio at 1.01
2005/08/29 11:55:45| Going into hit-only-mode for 5 minutes...
2005/08/29 12:01:11| Failure Ratio at 1.07
2005/08/29 12:01:11| Going into hit-only-mode for 5 minutes...
2005/08/29 12:06:29| Failure Ratio at 1.01
2005/08/29 12:06:29| Going into hit-only-mode for 5 minutes...
2005/08/29 12:13:01| Failure Ratio at 1.07
2005/08/29 12:13:01| Going into hit-only-mode for 5 minutes...
2005/08/29 12:18:01| Failure Ratio at 1.01
2005/08/29 12:18:01| Going into hit-only-mode for 5 minutes...
2005/08/29 19:35:32| WARNING: Reply from unknown nameserver [70.85.21.98]
2005/08/29 22:50:16| Failure Ratio at 1.01
2005/08/29 22:50:16| Going into hit-only-mode for 5 minutes...
2005/08/29 23:02:15| Failure Ratio at 1.35
2005/08/29 23:02:15| Going into hit-only-mode for 5 minutes...
2005/08/29 23:15:38| sslReadServer: FD 15: read failure: (104) Connection reset by peer
2005/08/30 06:29:53| Failure Ratio at 1.01
2005/08/30 06:29:53| Going into hit-only-mode for 5 minutes...
2005/08/30 06:35:56| Failure Ratio at 1.35
2005/08/30 06:35:56| Going into hit-only-mode for 5 minutes...
